Capture timestamp: 2026-05-18T17:08:58+00:00  (2026-05-18 13:08 EDT)
Database:          C:\Users\gvrre\schwab-flow\chains.db
Excel:             C:\Users\gvrre\schwab-flow\captures\chain_2026-05-18_1308ET.xlsx
Watchlist:         PLTR, NVDA, TSLA, SPY, QQQ

  PLTR   spot=   $134.14  rows=1140
  NVDA   spot=   $221.88  rows=1438
  TSLA   spot=   $410.97  rows=1494
  SPY    spot=   $736.94  rows=2100
  QQQ    spot=   $703.65  rows=1920

Inserted 8092 rows into chains.db.
Wrote Excel snapshot: chain_2026-05-18_1308ET.xlsx
Capture timestamp: 2026-05-18T22:36:36+00:00  (2026-05-18 18:36 EDT)
Database:          C:\Users\gvrre\schwab-flow\chains.db
Excel:             C:\Users\gvrre\schwab-flow\captures\chain_2026-05-18_1836ET.xlsx
Watchlist:         PLTR, NVDA, TSLA, SPY, QQQ

  PLTR   spot=   $135.14  rows=1140
  NVDA   spot=   $222.32  rows=1438
  TSLA   spot=   $409.99  rows=1496
  SPY    spot=   $738.65  rows=2100
  QQQ    spot=   $705.88  rows=1920

Inserted 8094 rows into chains.db.
Wrote Excel snapshot: chain_2026-05-18_1836ET.xlsx
Changes sheet: skipped (no prior capture near 18:36 ET on an earlier date).
Capture timestamp: 2026-05-19T13:00:03+00:00  (2026-05-19 09:00 EDT)
Database:          C:\Users\gvrre\schwab-flow\chains.db
Excel:             C:\Users\gvrre\schwab-flow\captures\chain_2026-05-19_0900ET.xlsx
Watchlist:         PLTR, NVDA, TSLA, SPY, QQQ

  PLTR   spot=   $135.14  rows=1140
  NVDA   spot=   $222.32  rows=1440
  TSLA   spot=   $409.99  rows=1498
  SPY    spot=   $738.65  rows=2100
  QQQ    spot=   $705.88  rows=1920

Inserted 8098 rows into chains.db.
Wrote Excel snapshot: chain_2026-05-19_0900ET.xlsx
Changes sheet: skipped (no prior capture near 09:00 ET on an earlier date).
Capture timestamp: 2026-05-19T13:15:01+00:00  (2026-05-19 09:15 EDT)
Database:          C:\Users\gvrre\schwab-flow\chains.db
Excel:             C:\Users\gvrre\schwab-flow\captures\chain_2026-05-19_0915ET.xlsx
Watchlist:         PLTR, NVDA, TSLA, SPY, QQQ

  PLTR   spot=   $135.14  rows=1140
  NVDA   spot=   $222.32  rows=1440
  TSLA   spot=   $409.99  rows=1498
  SPY    spot=   $738.65  rows=2100
  QQQ    spot=   $705.88  rows=1920

Inserted 8098 rows into chains.db.
Wrote Excel snapshot: chain_2026-05-19_0915ET.xlsx
Changes sheet: skipped (no prior capture near 09:15 ET on an earlier date).
Capture timestamp: 2026-05-19T13:30:03+00:00  (2026-05-19 09:30 EDT)
Database:          C:\Users\gvrre\schwab-flow\chains.db
Excel:             C:\Users\gvrre\schwab-flow\captures\chain_2026-05-19_0930ET.xlsx
Watchlist:         PLTR, NVDA, TSLA, SPY, QQQ

  PLTR   spot=   $136.78  rows=1140
  NVDA   spot=   $219.82  rows=1440
  TSLA   spot=   $402.96  rows=1498
  SPY    spot=   $734.74  rows=2100
  QQQ    spot=   $701.20  rows=1920

Inserted 8098 rows into chains.db.
Wrote Excel snapshot: chain_2026-05-19_0930ET.xlsx
Changes sheet: skipped (no prior capture near 09:30 ET on an earlier date).
Capture timestamp: 2026-05-19T20:43:16+00:00  (2026-05-19 16:43 EDT)
Database:          C:\Users\gvrre\schwab-flow\chains.db
Excel:             C:\Users\gvrre\schwab-flow\captures\chain_2026-05-19_1643ET.xlsx
Watchlist:         PLTR, NVDA, TSLA, SPY, QQQ

  PLTR   spot=   $135.26  rows=1140
  NVDA   spot=   $220.61  rows=1440
  TSLA   spot=   $404.11  rows=1498
  SPY    spot=   $733.73  rows=2100
  QQQ    spot=   $701.53  rows=1920

Inserted 8098 rows into chains.db.
Wrote Excel snapshot: chain_2026-05-19_1643ET.xlsx
Changes sheet: skipped (no prior capture near 16:43 ET on an earlier date).
Capture timestamp: 2026-05-20T03:32:24+00:00  (2026-05-19 23:32 EDT)
Database:          C:\Users\gvrre\schwab-flow\chains.db
Excel:             C:\Users\gvrre\schwab-flow\captures\chain_2026-05-19_2332ET.xlsx
Watchlist:         PLTR, NVDA, TSLA, SPY, QQQ

  PLTR   spot=   $135.26  rows=1140
  NVDA   spot=   $220.61  rows=1440
  TSLA   spot=   $404.11  rows=1498
  SPY    spot=   $733.73  rows=2100
  QQQ    spot=   $701.53  rows=1920

Inserted 8098 rows into chains.db.
Wrote Excel snapshot: chain_2026-05-19_2332ET.xlsx
Changes sheet: skipped (no prior capture near 23:32 ET on an earlier date).
Capture timestamp: 2026-05-20T13:00:05+00:00  (2026-05-20 09:00 EDT)
Database:          C:\Users\gvrre\schwab-flow\chains.db
Excel:             C:\Users\gvrre\schwab-flow\captures\chain_2026-05-20_0900ET.xlsx
Watchlist:         PLTR, NVDA, TSLA, SPY, QQQ

  PLTR   spot=   $135.26  rows=1140
  NVDA   spot=   $220.61  rows=1440
  TSLA   spot=   $404.11  rows=1498
  SPY    spot=   $733.73  rows=2098
  QQQ    spot=   $701.53  rows=1920

Inserted 8096 rows into chains.db.
Wrote Excel snapshot: chain_2026-05-20_0900ET.xlsx
Changes sheet: 5577 contracts moved vs 2026-05-19 09:00 ET (1d ago). Top 3:
Traceback (most recent call last):
  File "C:\Users\gvrre\schwab-flow\chain_capture.py", line 308, in <module>
    main()
    ~~~~^^
  File "C:\Users\gvrre\schwab-flow\chain_capture.py", line 300, in main
    print(f"  {r['symbol']:5s} {r['expiration']} ${r['strike']:>7.1f} {r['type']}  \u0394OI={sign}{int(r['oi_delta']):>+7d}")
    ~~~~~^^^^^^^^^^^^^^^^^^^^^^^^^^^^^^^^^^^^^^^^^^^^^^^^^^^^^^^^^^^^^^^^^^^^^^^^^^^^^^^^^^^^^^^^^^^^^^^^^^^^^^^^^^^^^^^
  File "C:\Users\gvrre\AppData\Local\Python\pythoncore-3.14-64\Lib\encodings\cp1252.py", line 19, in encode
    return codecs.charmap_encode(input,self.errors,encoding_table)[0]
           ~~~~~~~~~~~~~~~~~~~~~^^^^^^^^^^^^^^^^^^^^^^^^^^^^^^^^^^
UnicodeEncodeError: 'charmap' codec can't encode character '\u0394' in position 31: character maps to <undefined>
Capture timestamp: 2026-05-20T13:15:02+00:00  (2026-05-20 09:15 EDT)
Database:          C:\Users\gvrre\schwab-flow\chains.db
Excel:             C:\Users\gvrre\schwab-flow\captures\chain_2026-05-20_0915ET.xlsx
Watchlist:         PLTR, NVDA, TSLA, SPY, QQQ

  PLTR   spot=   $135.26  rows=1140
  NVDA   spot=   $220.61  rows=1440
  TSLA   spot=   $404.11  rows=1498
  SPY    spot=   $733.73  rows=2098
  QQQ    spot=   $701.53  rows=1920

Inserted 8096 rows into chains.db.
Wrote Excel snapshot: chain_2026-05-20_0915ET.xlsx
Changes sheet: 5577 contracts moved vs 2026-05-19 09:15 ET (1d ago). Top 3:
  SPY   2026-05-20 $  735.0 C  ΔOI=+ +19483
  NVDA  2026-05-22 $  225.0 C  ΔOI=+ +11525
  TSLA  2026-05-20 $  405.0 C  ΔOI=+ +10843
Capture timestamp: 2026-05-20T13:18:30+00:00  (2026-05-20 09:18 EDT)
Database:          C:\Users\gvrre\schwab-flow\chains.db
Excel:             C:\Users\gvrre\schwab-flow\captures\chain_2026-05-20_0918ET.xlsx
Watchlist:         PLTR, NVDA, TSLA, SPY, QQQ

  PLTR   spot=   $135.26  rows=1140
  NVDA   spot=   $220.61  rows=1440
  TSLA   spot=   $404.11  rows=1498
  SPY    spot=   $733.73  rows=2098
  QQQ    spot=   $701.53  rows=1920

Inserted 8096 rows into chains.db.
Wrote Excel snapshot: chain_2026-05-20_0918ET.xlsx
Changes sheet: 5577 contracts moved vs 2026-05-19 09:15 ET (1d ago). Top 3:
  SPY   2026-05-20 $  735.0 C  ΔOI=+ +19483
  NVDA  2026-05-22 $  225.0 C  ΔOI=+ +11525
  TSLA  2026-05-20 $  405.0 C  ΔOI=+ +10843
Capture timestamp: 2026-05-20T13:30:02+00:00  (2026-05-20 09:30 EDT)
Database:          C:\Users\gvrre\schwab-flow\chains.db
Excel:             C:\Users\gvrre\schwab-flow\captures\chain_2026-05-20_0930ET.xlsx
Watchlist:         PLTR, NVDA, TSLA, SPY, QQQ

  PLTR   spot=   $133.73  rows=1140
  NVDA   spot=   $221.42  rows=1440
  TSLA   spot=   $408.78  rows=1498
  SPY    spot=   $735.53  rows=2096
  QQQ    spot=   $706.15  rows=1918

Inserted 8092 rows into chains.db.
Wrote Excel snapshot: chain_2026-05-20_0930ET.xlsx
Changes sheet: 5597 contracts moved vs 2026-05-19 09:30 ET (1d ago). Top 3:
  SPY   2026-05-20 $  735.0 C  ΔOI=+ +19483
  NVDA  2026-05-22 $  225.0 C  ΔOI=+ +11525
  TSLA  2026-05-20 $  405.0 C  ΔOI=+ +10843
Capture timestamp: 2026-05-20T16:30:03+00:00  (2026-05-20 12:30 EDT)
Database:          C:\Users\gvrre\schwab-flow\chains.db
Excel:             C:\Users\gvrre\schwab-flow\captures\chain_2026-05-20_1230ET.xlsx
Watchlist:         PLTR, NVDA, TSLA, SPY, QQQ

  PLTR   spot=   $135.55  rows=1140
  NVDA   spot=   $224.33  rows=1440
  TSLA   spot=   $411.84  rows=1496
  SPY    spot=   $738.72  rows=2096
  QQQ    spot=   $709.17  rows=1918

Inserted 8090 rows into chains.db.
Wrote Excel snapshot: chain_2026-05-20_1230ET.xlsx
Changes sheet: skipped (no prior capture near 12:30 ET on an earlier date).
Capture timestamp: 2026-05-20T17:32:20+00:00  (2026-05-20 13:32 EDT)
Database:          C:\Users\gvrre\schwab-flow\chains.db
Excel:             C:\Users\gvrre\schwab-flow\captures\chain_2026-05-20_1332ET.xlsx
Watchlist:         PLTR, NVDA, TSLA, SPY, QQQ

  PLTR   spot=   $135.97  rows=1140
  NVDA   spot=   $224.83  rows=1440
  TSLA   spot=   $413.64  rows=1496
  SPY    spot=   $739.95  rows=2096
  QQQ    spot=   $710.40  rows=1916

Inserted 8088 rows into chains.db.
Wrote Excel snapshot: chain_2026-05-20_1332ET.xlsx
Changes sheet: skipped (no prior capture near 13:32 ET on an earlier date).
Capture timestamp: 2026-05-20T17:33:21+00:00  (2026-05-20 13:33 EDT)
Database:          C:\Users\gvrre\schwab-flow\chains.db
Excel:             C:\Users\gvrre\schwab-flow\captures\chain_2026-05-20_1333ET.xlsx
Watchlist:         PLTR, NVDA, TSLA, SPY, QQQ

  PLTR   spot=   $135.93  rows=1140
  NVDA   spot=   $224.95  rows=1440
  TSLA   spot=   $413.64  rows=1496
  SPY    spot=   $739.83  rows=2096
  QQQ    spot=   $710.24  rows=1916

Inserted 8088 rows into chains.db.
Wrote Excel snapshot: chain_2026-05-20_1333ET.xlsx
Changes sheet: skipped (no prior capture near 13:33 ET on an earlier date).
Capture timestamp: 2026-05-20T20:30:03+00:00  (2026-05-20 16:30 EDT)
Database:          C:\Users\gvrre\schwab-flow\chains.db
Excel:             C:\Users\gvrre\schwab-flow\captures\chain_2026-05-20_1630ET.xlsx
Watchlist:         PLTR, NVDA, TSLA, SPY, QQQ

  PLTR   spot=   $137.15  rows=1140
  NVDA   spot=   $223.47  rows=1440
  TSLA   spot=   $417.26  rows=1496
  SPY    spot=   $741.25  rows=2094
  QQQ    spot=   $713.15  rows=1916

Inserted 8086 rows into chains.db.
Wrote Excel snapshot: chain_2026-05-20_1630ET.xlsx
Changes sheet: skipped (no prior capture near 16:30 ET on an earlier date).
Capture timestamp: 2026-05-21T13:00:03+00:00  (2026-05-21 09:00 EDT)
Database:          C:\Users\gvrre\schwab-flow\chains.db
Excel:             C:\Users\gvrre\schwab-flow\captures\chain_2026-05-21_0900ET.xlsx
Watchlist:         PLTR, NVDA, TSLA, SPY, QQQ

  PLTR   spot=   $137.15  rows=1196
  NVDA   spot=   $223.47  rows=1498
  TSLA   spot=   $417.26  rows=1494
  SPY    spot=   $741.25  rows=2152
  QQQ    spot=   $713.15  rows=1972

Inserted 8312 rows into chains.db.
Wrote Excel snapshot: chain_2026-05-21_0900ET.xlsx
Changes sheet: 5142 contracts moved vs 2026-05-20 09:00 ET (1d ago). Top 3:
  NVDA  2026-05-22 $  255.0 C  ΔOI=+ +47271
  NVDA  2026-05-22 $  235.0 C  ΔOI=+ +37843
  NVDA  2026-05-22 $  250.0 C  ΔOI=+ +35478
Capture timestamp: 2026-05-21T13:15:02+00:00  (2026-05-21 09:15 EDT)
Database:          C:\Users\gvrre\schwab-flow\chains.db
Excel:             C:\Users\gvrre\schwab-flow\captures\chain_2026-05-21_0915ET.xlsx
Watchlist:         PLTR, NVDA, TSLA, SPY, QQQ

  PLTR   spot=   $137.15  rows=1196
  NVDA   spot=   $223.47  rows=1498
  TSLA   spot=   $417.26  rows=1494
  SPY    spot=   $741.25  rows=2152
  QQQ    spot=   $713.15  rows=1972

Inserted 8312 rows into chains.db.
Wrote Excel snapshot: chain_2026-05-21_0915ET.xlsx
Changes sheet: 5142 contracts moved vs 2026-05-20 09:18 ET (1d ago). Top 3:
  NVDA  2026-05-22 $  255.0 C  ΔOI=+ +47271
  NVDA  2026-05-22 $  235.0 C  ΔOI=+ +37843
  NVDA  2026-05-22 $  250.0 C  ΔOI=+ +35478
Capture timestamp: 2026-05-21T13:30:02+00:00  (2026-05-21 09:30 EDT)
Database:          C:\Users\gvrre\schwab-flow\chains.db
Excel:             C:\Users\gvrre\schwab-flow\captures\chain_2026-05-21_0930ET.xlsx
Watchlist:         PLTR, NVDA, TSLA, SPY, QQQ

  PLTR   spot=   $135.46  rows=1198
  NVDA   spot=   $221.22  rows=1498
  TSLA   spot=   $421.93  rows=1490
  SPY    spot=   $738.26  rows=2156
  QQQ    spot=   $709.08  rows=1978

Inserted 8320 rows into chains.db.
Wrote Excel snapshot: chain_2026-05-21_0930ET.xlsx
Changes sheet: 5585 contracts moved vs 2026-05-20 09:30 ET (1d ago). Top 3:
  NVDA  2026-05-22 $  255.0 C  ΔOI=+ +47271
  NVDA  2026-05-22 $  235.0 C  ΔOI=+ +37843
  NVDA  2026-05-22 $  250.0 C  ΔOI=+ +35478
Capture timestamp: 2026-05-21T16:29:34+00:00  (2026-05-21 12:29 EDT)
Database:          C:\Users\gvrre\schwab-flow\chains.db
Excel:             C:\Users\gvrre\schwab-flow\captures\chain_2026-05-21_1229ET.xlsx
Watchlist:         PLTR, NVDA, TSLA, SPY, QQQ

  PLTR   spot=   $136.90  rows=1198
  NVDA   spot=   $219.47  rows=1498
  TSLA   spot=   $416.72  rows=1494
  SPY    spot=   $738.79  rows=2156
  QQQ    spot=   $709.69  rows=1978

Inserted 8324 rows into chains.db.
Wrote Excel snapshot: chain_2026-05-21_1229ET.xlsx
Changes sheet: 5765 contracts moved vs 2026-05-20 12:30 ET (1d ago). Top 3:
  NVDA  2026-05-22 $  255.0 C  ΔOI=+ +47271
  NVDA  2026-05-22 $  235.0 C  ΔOI=+ +37843
  NVDA  2026-05-22 $  250.0 C  ΔOI=+ +35478
Capture timestamp: 2026-05-21T16:30:03+00:00  (2026-05-21 12:30 EDT)
Database:          C:\Users\gvrre\schwab-flow\chains.db
Excel:             C:\Users\gvrre\schwab-flow\captures\chain_2026-05-21_1230ET.xlsx
Watchlist:         PLTR, NVDA, TSLA, SPY, QQQ

  PLTR   spot=   $136.89  rows=1198
  NVDA   spot=   $219.50  rows=1498
  TSLA   spot=   $416.91  rows=1494
  SPY    spot=   $738.85  rows=2156
  QQQ    spot=   $709.70  rows=1978

Inserted 8324 rows into chains.db.
Wrote Excel snapshot: chain_2026-05-21_1230ET.xlsx
Changes sheet: 5765 contracts moved vs 2026-05-20 12:30 ET (1d ago). Top 3:
  NVDA  2026-05-22 $  255.0 C  ΔOI=+ +47271
  NVDA  2026-05-22 $  235.0 C  ΔOI=+ +37843
  NVDA  2026-05-22 $  250.0 C  ΔOI=+ +35478
Capture timestamp: 2026-05-21T20:30:02+00:00  (2026-05-21 16:30 EDT)
Database:          C:\Users\gvrre\schwab-flow\chains.db
Excel:             C:\Users\gvrre\schwab-flow\captures\chain_2026-05-21_1630ET.xlsx
Watchlist:         PLTR, NVDA, TSLA, SPY, QQQ

  PLTR   spot=   $137.42  rows=1196
  NVDA   spot=   $219.51  rows=1498
  TSLA   spot=   $417.85  rows=1494
  SPY    spot=   $742.72  rows=2150
  QQQ    spot=   $714.51  rows=1970

Inserted 8308 rows into chains.db.
Wrote Excel snapshot: chain_2026-05-21_1630ET.xlsx
Changes sheet: 5724 contracts moved vs 2026-05-20 16:30 ET (1d ago). Top 3:
  NVDA  2026-05-22 $  255.0 C  ΔOI=+ +47271
  NVDA  2026-05-22 $  235.0 C  ΔOI=+ +37843
  NVDA  2026-05-22 $  250.0 C  ΔOI=+ +35478
Capture timestamp: 2026-05-22T13:00:04+00:00  (2026-05-22 09:00 EDT)
Database:          C:\Users\gvrre\schwab-flow\chains.db
Excel:             C:\Users\gvrre\schwab-flow\captures\chain_2026-05-22_0900ET.xlsx
Watchlist:         PLTR, NVDA, TSLA, SPY, QQQ

  PLTR   spot=   $137.42  rows=1200
  NVDA   spot=   $219.51  rows=1500
  TSLA   spot=   $417.85  rows=1496
  SPY    spot=   $742.72  rows=2100
  QQQ    spot=   $714.51  rows=1920

Inserted 8216 rows into chains.db.
Wrote Excel snapshot: chain_2026-05-22_0900ET.xlsx
Changes sheet: 5826 contracts moved vs 2026-05-21 09:00 ET (1d ago). Top 3:
  NVDA  2026-05-22 $  250.0 C  ΔOI= -47344
  NVDA  2026-06-12 $  265.0 C  ΔOI= -24194
  NVDA  2026-05-29 $  232.5 C  ΔOI=+ +22102
Capture timestamp: 2026-05-22T13:15:03+00:00  (2026-05-22 09:15 EDT)
Database:          C:\Users\gvrre\schwab-flow\chains.db
Excel:             C:\Users\gvrre\schwab-flow\captures\chain_2026-05-22_0915ET.xlsx
Watchlist:         PLTR, NVDA, TSLA, SPY, QQQ

  PLTR   spot=   $137.42  rows=1200
  NVDA   spot=   $219.51  rows=1500
  TSLA   spot=   $417.85  rows=1496
  SPY    spot=   $742.72  rows=2100
  QQQ    spot=   $714.51  rows=1920

Inserted 8216 rows into chains.db.
Wrote Excel snapshot: chain_2026-05-22_0915ET.xlsx
Changes sheet: 5826 contracts moved vs 2026-05-21 09:15 ET (1d ago). Top 3:
  NVDA  2026-05-22 $  250.0 C  ΔOI= -47344
  NVDA  2026-06-12 $  265.0 C  ΔOI= -24194
  NVDA  2026-05-29 $  232.5 C  ΔOI=+ +22102
Capture timestamp: 2026-05-22T13:30:04+00:00  (2026-05-22 09:30 EDT)
Database:          C:\Users\gvrre\schwab-flow\chains.db
Excel:             C:\Users\gvrre\schwab-flow\captures\chain_2026-05-22_0930ET.xlsx
Watchlist:         PLTR, NVDA, TSLA, SPY, QQQ

  PLTR   spot=   $137.90  rows=1200
  NVDA   spot=   $219.76  rows=1500
  TSLA   spot=   $424.18  rows=1494
  SPY    spot=   $746.18  rows=2100
  QQQ    spot=   $718.38  rows=1920

Inserted 8214 rows into chains.db.
Wrote Excel snapshot: chain_2026-05-22_0930ET.xlsx
Changes sheet: 5402 contracts moved vs 2026-05-21 09:30 ET (1d ago). Top 3:
  NVDA  2026-05-22 $  250.0 C  ΔOI= -47344
  NVDA  2026-06-12 $  265.0 C  ΔOI= -24194
  NVDA  2026-05-29 $  232.5 C  ΔOI=+ +22102
Capture timestamp: 2026-05-22T16:30:05+00:00  (2026-05-22 12:30 EDT)
Database:          C:\Users\gvrre\schwab-flow\chains.db
Excel:             C:\Users\gvrre\schwab-flow\captures\chain_2026-05-22_1230ET.xlsx
Watchlist:         PLTR, NVDA, TSLA, SPY, QQQ

  PLTR   spot=   $136.48  rows=1200
  NVDA   spot=   $217.16  rows=1500
  TSLA   spot=   $427.49  rows=1494
  SPY    spot=   $747.48  rows=2100
  QQQ    spot=   $720.32  rows=1920

Inserted 8214 rows into chains.db.
Wrote Excel snapshot: chain_2026-05-22_1230ET.xlsx
Changes sheet: 5281 contracts moved vs 2026-05-21 12:30 ET (1d ago). Top 3:
  NVDA  2026-05-22 $  250.0 C  ΔOI= -47344
  NVDA  2026-06-12 $  265.0 C  ΔOI= -24194
  NVDA  2026-05-29 $  232.5 C  ΔOI=+ +22102
Capture timestamp: 2026-05-22T20:30:03+00:00  (2026-05-22 16:30 EDT)
Database:          C:\Users\gvrre\schwab-flow\chains.db
Excel:             C:\Users\gvrre\schwab-flow\captures\chain_2026-05-22_1630ET.xlsx
Watchlist:         PLTR, NVDA, TSLA, SPY, QQQ

  PLTR   spot=   $136.88  rows=1200
  NVDA   spot=   $215.33  rows=1500
  TSLA   spot=   $426.01  rows=1494
  SPY    spot=   $745.64  rows=2100
  QQQ    spot=   $717.54  rows=1920

Inserted 8214 rows into chains.db.
Wrote Excel snapshot: chain_2026-05-22_1630ET.xlsx
Changes sheet: 5642 contracts moved vs 2026-05-21 16:30 ET (1d ago). Top 3:
  NVDA  2026-05-22 $  250.0 C  ΔOI= -47344
  NVDA  2026-06-12 $  265.0 C  ΔOI= -24194
  NVDA  2026-05-29 $  232.5 C  ΔOI=+ +22102

***********************************************************************

This is the browser-assisted login and token creation flow for
schwab-py. This flow automatically opens the login page on your
browser, captures the resulting OAuth callback, and creates a token
using the result. The authorization URL is:

>> https://api.schwabapi.com/v1/oauth/authorize?response_type=code&client_id=4K2dVoaOedO9BQjsnsMWaFUqejn3A59X8LuOxYtUysmd3Wgp&redirect_uri=https%3A%2F%2F127.0.0.1%3A8182&state=GfT7awHdKCtZkhLPxDu3MuhD8AzY09

IMPORTANT: Your browser will give you a security warning about an
invalid certificate prior to issuing the redirect. This is because
schwab-py has started a server on your machine to receive the OAuth
redirect using a self-signed SSL certificate. You can ignore that
warning, but make sure to first check that the URL matches your
callback URL, ignoring URL parameters. As a reminder, your callback URL
is:

>> https://127.0.0.1:8182

See here to learn more about self-signed SSL certificates:
https://schwab-py.readthedocs.io/en/latest/auth.html#ssl-errors

If you encounter any issues, see here for troubleshooting:
https://schwab-py.readthedocs.io/en/latest/auth.html#troubleshooting
***********************************************************************

Traceback (most recent call last):
  File "C:\Users\gvrre\schwab-flow\chain_capture.py", line 317, in <module>
    main()
    ~~~~^^
  File "C:\Users\gvrre\schwab-flow\chain_capture.py", line 242, in main
    client = easy_client(
        api_key=os.environ['SCHWAB_APP_KEY'],
    ...<4 lines>...
        interactive=False,
    )
  File "C:\Users\gvrre\schwab-flow\.venv\Lib\site-packages\schwab\auth.py", line 746, in easy_client
    c = client_from_login_flow(
        api_key, app_secret, callback_url, token_path, asyncio=asyncio,
        enforce_enums=enforce_enums, callback_timeout=callback_timeout,
        requested_browser=requested_browser, interactive=interactive)
  File "C:\Users\gvrre\schwab-flow\.venv\Lib\site-packages\schwab\auth.py", line 371, in client_from_login_flow
    raise RedirectTimeoutError(
    ...<2 lines>...
            'callback_timeout to client_from_login_flow.')
schwab.auth.RedirectTimeoutError: Timed out waiting for a post-authorization callback. You can set a longer timeout by passing a value of callback_timeout to client_from_login_flow.

***********************************************************************

This is the browser-assisted login and token creation flow for
schwab-py. This flow automatically opens the login page on your
browser, captures the resulting OAuth callback, and creates a token
using the result. The authorization URL is:

>> https://api.schwabapi.com/v1/oauth/authorize?response_type=code&client_id=4K2dVoaOedO9BQjsnsMWaFUqejn3A59X8LuOxYtUysmd3Wgp&redirect_uri=https%3A%2F%2F127.0.0.1%3A8182&state=3CZxVllqzBlwFsT4Kz0RuRRzdpJpkb

IMPORTANT: Your browser will give you a security warning about an
invalid certificate prior to issuing the redirect. This is because
schwab-py has started a server on your machine to receive the OAuth
redirect using a self-signed SSL certificate. You can ignore that
warning, but make sure to first check that the URL matches your
callback URL, ignoring URL parameters. As a reminder, your callback URL
is:

>> https://127.0.0.1:8182

See here to learn more about self-signed SSL certificates:
https://schwab-py.readthedocs.io/en/latest/auth.html#ssl-errors

If you encounter any issues, see here for troubleshooting:
https://schwab-py.readthedocs.io/en/latest/auth.html#troubleshooting
***********************************************************************

Traceback (most recent call last):
  File "C:\Users\gvrre\schwab-flow\chain_capture.py", line 317, in <module>
    main()
    ~~~~^^
  File "C:\Users\gvrre\schwab-flow\chain_capture.py", line 242, in main
    client = easy_client(
        api_key=os.environ['SCHWAB_APP_KEY'],
    ...<4 lines>...
        interactive=False,
    )
  File "C:\Users\gvrre\schwab-flow\.venv\Lib\site-packages\schwab\auth.py", line 746, in easy_client
    c = client_from_login_flow(
        api_key, app_secret, callback_url, token_path, asyncio=asyncio,
        enforce_enums=enforce_enums, callback_timeout=callback_timeout,
        requested_browser=requested_browser, interactive=interactive)
  File "C:\Users\gvrre\schwab-flow\.venv\Lib\site-packages\schwab\auth.py", line 371, in client_from_login_flow
    raise RedirectTimeoutError(
    ...<2 lines>...
            'callback_timeout to client_from_login_flow.')
schwab.auth.RedirectTimeoutError: Timed out waiting for a post-authorization callback. You can set a longer timeout by passing a value of callback_timeout to client_from_login_flow.
